# JRE version: Java(TM) SE Runtime Environment (8.0_211-b12) (build 1.8.0_211-b12)
# Java VM: Java HotSpot(TM) 64-Bit Server VM (25.211-b12 mixed mode windows-amd64 compressed oops)
Heap:
 PSYoungGen      total 144384K, used 2600K [0x00000000e0000000, 0x00000000e9900000, 0x0000000100000000)
  eden space 134144K, 0% used [0x00000000e0000000,0x00000000e0000000,0x00000000e8300000)
  from space 10240K, 25% used [0x00000000e8f00000,0x00000000e918a168,0x00000000e9900000)
  to   space 11264K, 0% used [0x00000000e8300000,0x00000000e8300000,0x00000000e8e00000)
 ParOldGen       total 117760K, used 19319K [0x00000000a0000000, 0x00000000a7300000, 0x00000000e0000000)
  object space 117760K, 16% used [0x00000000a0000000,0x00000000a12dde70,0x00000000a7300000)
 Metaspace       used 54698K, capacity 61519K, committed 61744K, reserved 1101824K
  class space    used 8185K, capacity 8637K, committed 8752K, reserved 1048576K
GC Heap History (10 events):
Event: 5.130 GC heap after
Heap after GC invocations=9 (full 2):
 PSYoungGen      total 97280K, used 8182K [0x00000000e0000000, 0x00000000e7d00000, 0x0000000100000000)
  eden space 89088K, 0% used [0x00000000e0000000,0x00000000e0000000,0x00000000e5700000)
  from space 8192K, 99% used [0x00000000e5700000,0x00000000e5efd968,0x00000000e5f00000)
  to   space 11264K, 0% used [0x00000000e7200000,0x00000000e7200000,0x00000000e7d00000)
 ParOldGen       total 86016K, used 18835K [0x00000000a0000000, 0x00000000a5400000, 0x00000000e0000000)
  object space 86016K, 21% used [0x00000000a0000000,0x00000000a1264c40,0x00000000a5400000)
 Metaspace       used 49015K, capacity 55415K, committed 55600K, reserved 1097728K
  class space    used 7516K, capacity 7937K, committed 7984K, reserved 1048576K
}
Event: 5.710 GC heap before
{Heap before GC invocations=10 (full 2):
 PSYoungGen      total 97280K, used 97270K [0x00000000e0000000, 0x00000000e7d00000, 0x0000000100000000)
  eden space 89088K, 100% used [0x00000000e0000000,0x00000000e5700000,0x00000000e5700000)
  from space 8192K, 99% used [0x00000000e5700000,0x00000000e5efd968,0x00000000e5f00000)
  to   space 11264K, 0% used [0x00000000e7200000,0x00000000e7200000,0x00000000e7d00000)
 ParOldGen       total 86016K, used 18835K [0x00000000a0000000, 0x00000000a5400000, 0x00000000e0000000)
  object space 86016K, 21% used [0x00000000a0000000,0x00000000a1264c40,0x00000000a5400000)
 Metaspace       used 51411K, capacity 57933K, committed 58160K, reserved 1099776K
  class space    used 7758K, capacity 8180K, committed 8240K, reserved 1048576K
Event: 5.715 GC heap after
Heap after GC invocations=10 (full 2):
 PSYoungGen      total 116736K, used 7988K [0x00000000e0000000, 0x00000000e8480000, 0x0000000100000000)
  eden space 105472K, 0% used [0x00000000e0000000,0x00000000e0000000,0x00000000e6700000)
  from space 11264K, 70% used [0x00000000e7200000,0x00000000e79cd168,0x00000000e7d00000)
  to   space 11264K, 0% used [0x00000000e6700000,0x00000000e6700000,0x00000000e7200000)
 ParOldGen       total 86016K, used 18843K [0x00000000a0000000, 0x00000000a5400000, 0x00000000e0000000)
  object space 86016K, 21% used [0x00000000a0000000,0x00000000a1266c40,0x00000000a5400000)
 Metaspace       used 51411K, capacity 57933K, committed 58160K, reserved 1099776K
  class space    used 7758K, capacity 8180K, committed 8240K, reserved 1048576K
}
Event: 5.766 GC heap before
{Heap before GC invocations=11 (full 2):
 PSYoungGen      total 116736K, used 17518K [0x00000000e0000000, 0x00000000e8480000, 0x0000000100000000)
  eden space 105472K, 9% used [0x00000000e0000000,0x00000000e094e6c0,0x00000000e6700000)
  from space 11264K, 70% used [0x00000000e7200000,0x00000000e79cd168,0x00000000e7d00000)
  to   space 11264K, 0% used [0x00000000e6700000,0x00000000e6700000,0x00000000e7200000)
 ParOldGen       total 86016K, used 18843K [0x00000000a0000000, 0x00000000a5400000, 0x00000000e0000000)
  object space 86016K, 21% used [0x00000000a0000000,0x00000000a1266c40,0x00000000a5400000)
 Metaspace       used 52544K, capacity 59071K, committed 59160K, reserved 1099776K
  class space    used 7872K, capacity 8329K, committed 8368K, reserved 1048576K
Event: 5.770 GC heap after
Heap after GC invocations=11 (full 2):
 PSYoungGen      total 116736K, used 8204K [0x00000000e0000000, 0x00000000e9980000, 0x0000000100000000)
  eden space 105472K, 0% used [0x00000000e0000000,0x00000000e0000000,0x00000000e6700000)
  from space 11264K, 72% used [0x00000000e6700000,0x00000000e6f03080,0x00000000e7200000)
  to   space 10752K, 0% used [0x00000000e8f00000,0x00000000e8f00000,0x00000000e9980000)
 ParOldGen       total 86016K, used 18851K [0x00000000a0000000, 0x00000000a5400000, 0x00000000e0000000)
  object space 86016K, 21% used [0x00000000a0000000,0x00000000a1268c40,0x00000000a5400000)
 Metaspace       used 52544K, capacity 59071K, committed 59160K, reserved 1099776K
  class space    used 7872K, capacity 8329K, committed 8368K, reserved 1048576K
}
Event: 5.770 GC heap before
{Heap before GC invocations=12 (full 3):
 PSYoungGen      total 116736K, used 8204K [0x00000000e0000000, 0x00000000e9980000, 0x0000000100000000)
  eden space 105472K, 0% used [0x00000000e0000000,0x00000000e0000000,0x00000000e6700000)
  from space 11264K, 72% used [0x00000000e6700000,0x00000000e6f03080,0x00000000e7200000)
  to   space 10752K, 0% used [0x00000000e8f00000,0x00000000e8f00000,0x00000000e9980000)
 ParOldGen       total 86016K, used 18851K [0x00000000a0000000, 0x00000000a5400000, 0x00000000e0000000)
  object space 86016K, 21% used [0x00000000a0000000,0x00000000a1268c40,0x00000000a5400000)
 Metaspace       used 52544K, capacity 59071K, committed 59160K, reserved 1099776K
  class space    used 7872K, capacity 8329K, committed 8368K, reserved 1048576K
Event: 5.846 GC heap after
Heap after GC invocations=12 (full 3):
 PSYoungGen      total 116736K, used 0K [0x00000000e0000000, 0x00000000e9980000, 0x0000000100000000)
  eden space 105472K, 0% used [0x00000000e0000000,0x00000000e0000000,0x00000000e6700000)
  from space 11264K, 0% used [0x00000000e6700000,0x00000000e6700000,0x00000000e7200000)
  to   space 10752K, 0% used [0x00000000e8f00000,0x00000000e8f00000,0x00000000e9980000)
 ParOldGen       total 117760K, used 19311K [0x00000000a0000000, 0x00000000a7300000, 0x00000000e0000000)
  object space 117760K, 16% used [0x00000000a0000000,0x00000000a12dbe70,0x00000000a7300000)
 Metaspace       used 52291K, capacity 58565K, committed 59160K, reserved 1099776K
  class space    used 7781K, capacity 8225K, committed 8368K, reserved 1048576K
}
Event: 6.403 GC heap before
{Heap before GC invocations=13 (full 3):
 PSYoungGen      total 116736K, used 21241K [0x00000000e0000000, 0x00000000e9980000, 0x0000000100000000)
  eden space 105472K, 20% used [0x00000000e0000000,0x00000000e14be548,0x00000000e6700000)
  from space 11264K, 0% used [0x00000000e6700000,0x00000000e6700000,0x00000000e7200000)
  to   space 10752K, 0% used [0x00000000e8f00000,0x00000000e8f00000,0x00000000e9980000)
 ParOldGen       total 117760K, used 19311K [0x00000000a0000000, 0x00000000a7300000, 0x00000000e0000000)
  object space 117760K, 16% used [0x00000000a0000000,0x00000000a12dbe70,0x00000000a7300000)
 Metaspace       used 54698K, capacity 61519K, committed 61744K, reserved 1101824K
  class space    used 8185K, capacity 8637K, committed 8752K, reserved 1048576K
Event: 6.406 GC heap after
Heap after GC invocations=13 (full 3):
 PSYoungGen      total 144384K, used 2600K [0x00000000e0000000, 0x00000000e9900000, 0x0000000100000000)
  eden space 134144K, 0% used [0x00000000e0000000,0x00000000e0000000,0x00000000e8300000)
  from space 10240K, 25% used [0x00000000e8f00000,0x00000000e918a168,0x00000000e9900000)
  to   space 11264K, 0% used [0x00000000e8300000,0x00000000e8300000,0x00000000e8e00000)
 ParOldGen       total 117760K, used 19319K [0x00000000a0000000, 0x00000000a7300000, 0x00000000e0000000)
  object space 117760K, 16% used [0x00000000a0000000,0x00000000a12dde70,0x00000000a7300000)
 Metaspace       used 54698K, capacity 61519K, committed 61744K, reserved 1101824K
  class space    used 8185K, capacity 8637K, committed 8752K, reserved 1048576K
}
Event: 6.406 GC heap before
{Heap before GC invocations=14 (full 4):
 PSYoungGen      total 144384K, used 2600K [0x00000000e0000000, 0x00000000e9900000, 0x0000000100000000)
  eden space 134144K, 0% used [0x00000000e0000000,0x00000000e0000000,0x00000000e8300000)
  from space 10240K, 25% used [0x00000000e8f00000,0x00000000e918a168,0x00000000e9900000)
  to   space 11264K, 0% used [0x00000000e8300000,0x00000000e8300000,0x00000000e8e00000)
 ParOldGen       total 117760K, used 19319K [0x00000000a0000000, 0x00000000a7300000, 0x00000000e0000000)
  object space 117760K, 16% used [0x00000000a0000000,0x00000000a12dde70,0x00000000a7300000)
 Metaspace       used 54698K, capacity 61519K, committed 61744K, reserved 1101824K
  class space    used 8185K, capacity 8637K, committed 8752K, reserved 1048576K

